<?xml version="1.0" encoding="UTF-8"?>
<!-- Generated by org.testng.reporters.JUnitReportReporter -->
<testsuite hostname="jaivardhan" failures="0" tests="1" name="FrameWork_TestCase.Test_MCF_PageObject" time="3.654" errors="0" timestamp="2023-01-11T12:17:17 SGT" skipped="0">
  <testcase classname="FrameWork_TestCase.Test_MCF_PageObject" name="test_MCF_PO_PF" time="3.654"/>
  <system-out/>
</testsuite> <!-- FrameWork_TestCase.Test_MCF_PageObject -->
