<?xml version="1.0" encoding="UTF-8"?>
<!-- Generated by org.testng.reporters.JUnitReportReporter -->
<testsuite skipped="0" hostname="192.168.1.4" name="MyContactForm_TestNG.MyContact_E2E" tests="10" failures="0" timestamp="02 Aug 2018 19:20:08 GMT" time="32.794" errors="0">
  <testcase name="logintoMCF" time="8.107" classname="MyContactForm_TestNG.MyContact_E2E"/>
  <testcase name="newWizard" time="0.795" classname="MyContactForm_TestNG.MyContact_E2E"/>
  <testcase name="startWizard" time="0.483" classname="MyContactForm_TestNG.MyContact_E2E"/>
  <testcase name="basicFromInfo" time="0.707" classname="MyContactForm_TestNG.MyContact_E2E"/>
  <testcase name="sendToAddress" time="0.587" classname="MyContactForm_TestNG.MyContact_E2E"/>
  <testcase name="emailSubject_Step3" time="3.931" classname="MyContactForm_TestNG.MyContact_E2E"/>
  <testcase name="autoResponder_step4" time="0.856" classname="MyContactForm_TestNG.MyContact_E2E"/>
  <testcase name="formQuestion_step5" time="13.091" classname="MyContactForm_TestNG.MyContact_E2E"/>
  <testcase name="formApperance_Step8" time="3.265" classname="MyContactForm_TestNG.MyContact_E2E"/>
  <testcase name="formButtonsAndSite" time="0.972" classname="MyContactForm_TestNG.MyContact_E2E"/>
</testsuite> <!-- MyContactForm_TestNG.MyContact_E2E -->
